<?xml version="1.0" encoding="UTF-8"?>
<testsuite xmlns:xsi="http://www.w3.org/2001/XMLSchema-instance" xsi:noNamespaceSchemaLocation="https://maven.apache.org/surefire/maven-surefire-plugin/xsd/surefire-test-report-3.0.xsd" version="3.0" name="net.nullschool.grib2json.LauncherTest" time="0.045" tests="1" errors="0" skipped="0" failures="0">
  <properties>
    <property name="java.specification.version" value="20"/>
    <property name="sun.jnu.encoding" value="UTF-8"/>
    <property name="java.class.path" value="/Users/tobias/dev/projects/windspotter/src/convert_grib/grib2json/target/test-classes:/Users/tobias/dev/projects/windspotter/src/convert_grib/grib2json/target/classes:/Users/tobias/.m2/repository/org/slf4j/slf4j-api/1.7.5/slf4j-api-1.7.5.jar:/Users/tobias/.m2/repository/ch/qos/logback/logback-classic/1.0.9/logback-classic-1.0.9.jar:/Users/tobias/.m2/repository/ch/qos/logback/logback-core/1.0.9/logback-core-1.0.9.jar:/Users/tobias/.m2/repository/joda-time/joda-time/2.3/joda-time-2.3.jar:/Users/tobias/.m2/repository/org/glassfish/javax.json/1.0.3/javax.json-1.0.3.jar:/Users/tobias/.m2/repository/com/lexicalscope/jewelcli/jewelcli/0.8.8/jewelcli-0.8.8.jar:/Users/tobias/.m2/repository/edu/ucar/grib/4.3.19/grib-4.3.19.jar:/Users/tobias/.m2/repository/edu/ucar/netcdf/4.3.19/netcdf-4.3.19.jar:/Users/tobias/.m2/repository/edu/ucar/udunits/4.3.19/udunits-4.3.19.jar:/Users/tobias/.m2/repository/commons-httpclient/commons-httpclient/3.1/commons-httpclient-3.1.jar:/Users/tobias/.m2/repository/commons-codec/commons-codec/1.2/commons-codec-1.2.jar:/Users/tobias/.m2/repository/org/slf4j/jcl-over-slf4j/1.7.5/jcl-over-slf4j-1.7.5.jar:/Users/tobias/.m2/repository/com/sun/jna/jna/3.0.9/jna-3.0.9.jar:/Users/tobias/.m2/repository/org/quartz-scheduler/quartz/2.1.1/quartz-2.1.1.jar:/Users/tobias/.m2/repository/c3p0/c3p0/0.9.1.1/c3p0-0.9.1.1.jar:/Users/tobias/.m2/repository/net/sf/ehcache/ehcache-core/2.6.2/ehcache-core-2.6.2.jar:/Users/tobias/.m2/repository/com/sleepycat/je/4.0.92/je-4.0.92.jar:/Users/tobias/.m2/repository/com/google/protobuf/protobuf-java/2.5.0/protobuf-java-2.5.0.jar:/Users/tobias/.m2/repository/org/jdom/jdom2/2.0.4/jdom2-2.0.4.jar:/Users/tobias/.m2/repository/org/jsoup/jsoup/1.7.2/jsoup-1.7.2.jar:/Users/tobias/.m2/repository/net/jcip/jcip-annotations/1.0/jcip-annotations-1.0.jar:/Users/tobias/.m2/repository/junit/junit/4.11/junit-4.11.jar:/Users/tobias/.m2/repository/org/hamcrest/hamcrest-core/1.3/hamcrest-core-1.3.jar:"/>
    <property name="java.vm.vendor" value="Homebrew"/>
    <property name="sun.arch.data.model" value="64"/>
    <property name="java.vendor.url" value="https://github.com/Homebrew/homebrew-core/issues"/>
    <property name="os.name" value="Mac OS X"/>
    <property name="java.vm.specification.version" value="20"/>
    <property name="sun.java.launcher" value="SUN_STANDARD"/>
    <property name="user.country" value="DE"/>
    <property name="sun.boot.library.path" value="/usr/local/Cellar/openjdk/20.0.1/libexec/openjdk.jdk/Contents/Home/lib"/>
    <property name="sun.java.command" value="/Users/tobias/dev/projects/windspotter/src/convert_grib/grib2json/target/surefire/surefirebooter-20230707072458726_3.jar /Users/tobias/dev/projects/windspotter/src/convert_grib/grib2json/target/surefire 2023-07-07T07-24-58_439-jvmRun1 surefire-20230707072458726_1tmp surefire_0-20230707072458726_2tmp"/>
    <property name="http.nonProxyHosts" value="local|*.local|169.254/16|*.169.254/16"/>
    <property name="jdk.debug" value="release"/>
    <property name="surefire.test.class.path" value="/Users/tobias/dev/projects/windspotter/src/convert_grib/grib2json/target/test-classes:/Users/tobias/dev/projects/windspotter/src/convert_grib/grib2json/target/classes:/Users/tobias/.m2/repository/org/slf4j/slf4j-api/1.7.5/slf4j-api-1.7.5.jar:/Users/tobias/.m2/repository/ch/qos/logback/logback-classic/1.0.9/logback-classic-1.0.9.jar:/Users/tobias/.m2/repository/ch/qos/logback/logback-core/1.0.9/logback-core-1.0.9.jar:/Users/tobias/.m2/repository/joda-time/joda-time/2.3/joda-time-2.3.jar:/Users/tobias/.m2/repository/org/glassfish/javax.json/1.0.3/javax.json-1.0.3.jar:/Users/tobias/.m2/repository/com/lexicalscope/jewelcli/jewelcli/0.8.8/jewelcli-0.8.8.jar:/Users/tobias/.m2/repository/edu/ucar/grib/4.3.19/grib-4.3.19.jar:/Users/tobias/.m2/repository/edu/ucar/netcdf/4.3.19/netcdf-4.3.19.jar:/Users/tobias/.m2/repository/edu/ucar/udunits/4.3.19/udunits-4.3.19.jar:/Users/tobias/.m2/repository/commons-httpclient/commons-httpclient/3.1/commons-httpclient-3.1.jar:/Users/tobias/.m2/repository/commons-codec/commons-codec/1.2/commons-codec-1.2.jar:/Users/tobias/.m2/repository/org/slf4j/jcl-over-slf4j/1.7.5/jcl-over-slf4j-1.7.5.jar:/Users/tobias/.m2/repository/com/sun/jna/jna/3.0.9/jna-3.0.9.jar:/Users/tobias/.m2/repository/org/quartz-scheduler/quartz/2.1.1/quartz-2.1.1.jar:/Users/tobias/.m2/repository/c3p0/c3p0/0.9.1.1/c3p0-0.9.1.1.jar:/Users/tobias/.m2/repository/net/sf/ehcache/ehcache-core/2.6.2/ehcache-core-2.6.2.jar:/Users/tobias/.m2/repository/com/sleepycat/je/4.0.92/je-4.0.92.jar:/Users/tobias/.m2/repository/com/google/protobuf/protobuf-java/2.5.0/protobuf-java-2.5.0.jar:/Users/tobias/.m2/repository/org/jdom/jdom2/2.0.4/jdom2-2.0.4.jar:/Users/tobias/.m2/repository/org/jsoup/jsoup/1.7.2/jsoup-1.7.2.jar:/Users/tobias/.m2/repository/net/jcip/jcip-annotations/1.0/jcip-annotations-1.0.jar:/Users/tobias/.m2/repository/junit/junit/4.11/junit-4.11.jar:/Users/tobias/.m2/repository/org/hamcrest/hamcrest-core/1.3/hamcrest-core-1.3.jar:"/>
    <property name="sun.cpu.endian" value="little"/>
    <property name="user.home" value="/Users/tobias"/>
    <property name="user.language" value="en"/>
    <property name="java.specification.vendor" value="Oracle Corporation"/>
    <property name="java.version.date" value="2023-04-18"/>
    <property name="java.home" value="/usr/local/Cellar/openjdk/20.0.1/libexec/openjdk.jdk/Contents/Home"/>
    <property name="file.separator" value="/"/>
    <property name="basedir" value="/Users/tobias/dev/projects/windspotter/src/convert_grib/grib2json"/>
    <property name="java.vm.compressedOopsMode" value="Zero based"/>
    <property name="line.separator" value="&#10;"/>
    <property name="java.vm.specification.vendor" value="Oracle Corporation"/>
    <property name="java.specification.name" value="Java Platform API Specification"/>
    <property name="apple.awt.application.name" value="ForkedBooter"/>
    <property name="surefire.real.class.path" value="/Users/tobias/dev/projects/windspotter/src/convert_grib/grib2json/target/surefire/surefirebooter-20230707072458726_3.jar"/>
    <property name="sun.management.compiler" value="HotSpot 64-Bit Tiered Compilers"/>
    <property name="ftp.nonProxyHosts" value="local|*.local|169.254/16|*.169.254/16"/>
    <property name="java.runtime.version" value="20.0.1"/>
    <property name="user.name" value="tobias"/>
    <property name="stdout.encoding" value="UTF-8"/>
    <property name="path.separator" value=":"/>
    <property name="os.version" value="13.2.1"/>
    <property name="java.runtime.name" value="OpenJDK Runtime Environment"/>
    <property name="file.encoding" value="UTF-8"/>
    <property name="java.vm.name" value="OpenJDK 64-Bit Server VM"/>
    <property name="java.vendor.version" value="Homebrew"/>
    <property name="localRepository" value="/Users/tobias/.m2/repository"/>
    <property name="java.vendor.url.bug" value="https://github.com/Homebrew/homebrew-core/issues"/>
    <property name="java.io.tmpdir" value="/var/folders/g5/sx98txw90pg0v6m4006_jpv00000gn/T/"/>
    <property name="java.version" value="20.0.1"/>
    <property name="user.dir" value="/Users/tobias/dev/projects/windspotter/src/convert_grib/grib2json"/>
    <property name="os.arch" value="x86_64"/>
    <property name="java.vm.specification.name" value="Java Virtual Machine Specification"/>
    <property name="native.encoding" value="UTF-8"/>
    <property name="java.library.path" value="/Users/tobias/Library/Java/Extensions:/Library/Java/Extensions:/Network/Library/Java/Extensions:/System/Library/Java/Extensions:/usr/lib/java:."/>
    <property name="java.vm.info" value="mixed mode, sharing"/>
    <property name="stderr.encoding" value="UTF-8"/>
    <property name="java.vendor" value="Homebrew"/>
    <property name="java.vm.version" value="20.0.1"/>
    <property name="sun.io.unicode.encoding" value="UnicodeBig"/>
    <property name="socksNonProxyHosts" value="local|*.local|169.254/16|*.169.254/16"/>
    <property name="java.class.version" value="64.0"/>
  </properties>
  <testcase name="test_1" classname="net.nullschool.grib2json.LauncherTest" time="0.003"/>
</testsuite>